basesystem
ca-certificates
crontabs
crypto-policies
crypto-policies-scripts
dbus-common
dejavu-sans-fonts
dnf
dnf-data
dnf-plugins-core
elfutils-default-yama-scope
firewalld
firewalld-filesystem
fonts-filesystem
grub2-common
grub2-pc-modules
hwdata
initscripts-service
iwl100-firmware
iwl1000-firmware
iwl105-firmware
iwl135-firmware
iwl2000-firmware
iwl2030-firmware
iwl3160-firmware
iwl5000-firmware
iwl5150-firmware
iwl6000g2a-firmware
iwl6050-firmware
iwl7260-firmware
kbd-misc
langpacks-core-en
langpacks-core-font-en
langpacks-en
libreport-filesystem
libssh-config
linux-firmware
linux-firmware-whence
microcode_ctl
ncurses-base
pcre2-syntax
publicsuffix-list-dafsa
python-unversioned-command
python3-dateutil
python3-dnf
python3-dnf-plugins-core
python3-firewall
python3-gobject-base-noarch
python3-pip-wheel
python3-setuptools-wheel
python3-six
rocky-gpg-keys
rocky-release
rocky-repos
rootfiles
selinux-policy
selinux-policy-targeted
setup
systemd-rpm-macros
tzdata
yum