NetworkManager
NetworkManager-libnm
NetworkManager-team
NetworkManager-tui
acl
alternatives
audit
audit-libs
authselect
authselect-libs
bash
bzip2-libs
c-ares
chrony
coreutils
coreutils-common
cpio
cracklib
cracklib-dicts
cronie
cronie-anacron
cryptsetup-libs
curl
cyrus-sasl-lib
dbus
dbus-broker
dbus-libs
device-mapper
device-mapper-event
device-mapper-event-libs
device-mapper-libs
device-mapper-persistent-data
diffutils
dracut
dracut-config-rescue
dracut-network
dracut-squash
e2fsprogs
e2fsprogs-libs
elfutils-libelf
elfutils-libs
ethtool
expat
file
file-libs
filesystem
findutils
freetype
fuse-libs
gawk
gawk-all-langpacks
gdbm-libs
gettext
gettext-libs
glib2
glibc
glibc-common
glibc-gconv-extra
glibc-langpack-en
gmp
gnupg2
gnutls
gobject-introspection
gpgme
graphite2
grep
groff-base
grub2-pc
grub2-tools
grub2-tools-efi
grub2-tools-extra
grub2-tools-minimal
grubby
gzip
harfbuzz
hostname
ima-evm-utils
inih
initscripts-rename-device
iproute
iproute-tc
ipset
ipset-libs
iptables-libs
iptables-nft
iputils
irqbalance
jansson
json-c
kbd
kernel
kernel
kernel-core
kernel-core
kernel-modules
kernel-modules
kernel-tools
kernel-tools-libs
kexec-tools
keyutils-libs
kmod
kmod-libs
kpartx
krb5-libs
less
libacl
libaio
libarchive
libassuan
libattr
libbasicobjects
libblkid
libbpf
libbrotli
libcap
libcap-ng
libcap-ng-python3
libcbor
libcollection
libcom_err
libcomps
libcurl
libdaemon
libdb
libdhash
libdnf
libeconf
libedit
libestr
libevent
libfastjson
libfdisk
libffi
libfido2
libgcc
libgcrypt
libgomp
libgpg-error
libibverbs
libidn2
libini_config
libkcapi
libkcapi-hmaccalc
libksba
libldb
libmnl
libmodulemd
libmount
libndp
libnetfilter_conntrack
libnfnetlink
libnftnl
libnghttp2
libnl3
libnl3-cli
libpath_utils
libpcap
libpipeline
libpng
libpsl
libpwquality
libref_array
librepo
libseccomp
libselinux
libselinux-utils
libsemanage
libsepol
libsigsegv
libsmartcols
libsolv
libss
libssh
libsss_certmap
libsss_idmap
libsss_nss_idmap
libsss_sudo
libstdc++
libsysfs
libtalloc
libtasn1
libtdb
libteam
libtevent
libunistring
libuser
libutempter
libuuid
libverto
libxcrypt
libxcrypt-compat
libxml2
libyaml
libzstd
lmdb-libs
logrotate
lshw
lsscsi
lua-libs
lvm2
lvm2-libs
lz4-libs
lzo
man-db
mpfr
ncurses
ncurses-libs
nettle
newt
nftables
npth
numactl-libs
openldap
openssh
openssh-clients
openssh-server
openssl
openssl-libs
openssl-pkcs11
os-prober
p11-kit
p11-kit-trust
pam
parted
passwd
pciutils-libs
pcre
pcre2
pigz
policycoreutils
popt
prefixdevname
procps-ng
psmisc
python3
python3-dbus
python3-gobject-base
python3-gpg
python3-hawkey
python3-libcomps
python3-libdnf
python3-libs
python3-libselinux
python3-nftables
python3-rpm
readline
rpm
rpm-build-libs
rpm-libs
rpm-plugin-audit
rpm-plugin-selinux
rpm-plugin-systemd-inhibit
rpm-sign-libs
rsyslog
rsyslog-logrotate
sed
sg3_utils
sg3_utils-libs
shadow-utils
slang
snappy
sqlite-libs
squashfs-tools
sssd-client
sssd-common
sssd-kcm
sudo
systemd
systemd-libs
systemd-pam
systemd-udev
teamd
tpm2-tss
userspace-rcu
util-linux
util-linux-core
vim-minimal
which
xfsprogs
xz
xz-libs
zlib
zstd